<?xml version="1.0" encoding="UTF-8"?>
<testsuite xmlns:xsi="http://www.w3.org/2001/XMLSchema-instance" xsi:noNamespaceSchemaLocation="https://maven.apache.org/surefire/maven-surefire-plugin/xsd/surefire-test-report-3.0.xsd" version="3.0" name="TestSuite" time="22.098" tests="6" errors="0" skipped="0" failures="0">
  <properties>
[...]
</properties>
  <testcase name="create_multiple_user[John, Canedy, a@gmail.com, test@1, 2133344](1)" classname="api.test.UserDataDrivenTest" time="5.036">
    <system-out><![CDATA[api.payloads.user.User@4ea43d4d
Request method:	POST
Request URI:	https://petstore.swagger.io/v2/user
Proxy:			<none>
Request params:	<none>
Query params:	<none>
Form params:	<none>
Path params:	<none>
Headers:		Accept=application/json, application/javascript, text/javascript, text/json
				Content-Type=application/json
Cookies:		<none>
Multiparts:		<none>
Body:
{
    "id": 1854873748,
    "username": "dianna.stroman",
    "firstName": "John",
    "lastName": "Canedy",
    "email": "a@gmail.com",
    "password": "test@1",
    "phone": "2133344",
    "userStatus": 0
}
io.restassured.internal.RestAssuredResponseImpl@7d43c89f
HTTP/1.1 200 OK
Date: Sat, 27 Jan 2024 09:53:59 GMT
Content-Type: application/json
Transfer-Encoding: chunked
Connection: keep-alive
Access-Control-Allow-Origin: *
Access-Control-Allow-Methods: GET, POST, DELETE, PUT
Access-Control-Allow-Headers: Content-Type, api_key, Authorization
Server: Jetty(9.2.9.v20150224)

{
    "code": 200,
    "type": "unknown",
    "message": "1854873748"
}
HTTP/1.1 200 OK
Date: Sat, 27 Jan 2024 09:54:00 GMT
Content-Type: application/json
Transfer-Encoding: chunked
Connection: keep-alive
Access-Control-Allow-Origin: *
Access-Control-Allow-Methods: GET, POST, DELETE, PUT
Access-Control-Allow-Headers: Content-Type, api_key, Authorization
Server: Jetty(9.2.9.v20150224)

{
    "id": 1854873748,
    "username": "dianna.stroman",
    "firstName": "John",
    "lastName": "Canedy",
    "email": "a@gmail.com",
    "password": "test@1",
    "phone": "2133344",
    "userStatus": 0
}
]]></system-out>
  </testcase>
  <testcase name="create_multiple_user[Kim, Kom, b@gmail.com, test@2, 2133344](2)" classname="api.test.UserDataDrivenTest" time="2.783">
    <system-out><![CDATA[api.payloads.user.User@537360e3
Request method:	POST
Request URI:	https://petstore.swagger.io/v2/user
Proxy:			<none>
Request params:	<none>
Query params:	<none>
Form params:	<none>
Path params:	<none>
Headers:		Accept=application/json, application/javascript, text/javascript, text/json
				Content-Type=application/json
Cookies:		<none>
Multiparts:		<none>
Body:
{
    "id": 1271355282,
    "username": "tracey.hintz",
    "firstName": "Kim",
    "lastName": "Kom",
    "email": "b@gmail.com",
    "password": "test@2",
    "phone": "2133344",
    "userStatus": 0
}
io.restassured.internal.RestAssuredResponseImpl@86e7c7a
HTTP/1.1 200 OK
Date: Sat, 27 Jan 2024 09:54:02 GMT
Content-Type: application/json
Transfer-Encoding: chunked
Connection: keep-alive
Access-Control-Allow-Origin: *
Access-Control-Allow-Methods: GET, POST, DELETE, PUT
Access-Control-Allow-Headers: Content-Type, api_key, Authorization
Server: Jetty(9.2.9.v20150224)

{
    "code": 200,
    "type": "unknown",
    "message": "1271355282"
}
HTTP/1.1 200 OK
Date: Sat, 27 Jan 2024 09:54:03 GMT
Content-Type: application/json
Transfer-Encoding: chunked
Connection: keep-alive
Access-Control-Allow-Origin: *
Access-Control-Allow-Methods: GET, POST, DELETE, PUT
Access-Control-Allow-Headers: Content-Type, api_key, Authorization
Server: Jetty(9.2.9.v20150224)

{
    "id": 1271355282,
    "username": "tracey.hintz",
    "firstName": "Kim",
    "lastName": "Kom",
    "email": "b@gmail.com",
    "password": "test@2",
    "phone": "2133344",
    "userStatus": 0
}
]]></system-out>
  </testcase>
  <testcase name="create_multiple_user[Smith, Steve, c@gmail.com, test@3, 2133344](3)" classname="api.test.UserDataDrivenTest" time="2.595">
    <system-out><![CDATA[api.payloads.user.User@282919de
Request method:	POST
Request URI:	https://petstore.swagger.io/v2/user
Proxy:			<none>
Request params:	<none>
Query params:	<none>
Form params:	<none>
Path params:	<none>
Headers:		Accept=application/json, application/javascript, text/javascript, text/json
				Content-Type=application/json
Cookies:		<none>
Multiparts:		<none>
Body:
{
    "id": 1286828407,
    "username": "rima.block",
    "firstName": "Smith",
    "lastName": "Steve",
    "email": "c@gmail.com",
    "password": "test@3",
    "phone": "2133344",
    "userStatus": 0
}
io.restassured.internal.RestAssuredResponseImpl@7effa21e
HTTP/1.1 200 OK
Date: Sat, 27 Jan 2024 09:54:04 GMT
Content-Type: application/json
Transfer-Encoding: chunked
Connection: keep-alive
Access-Control-Allow-Origin: *
Access-Control-Allow-Methods: GET, POST, DELETE, PUT
Access-Control-Allow-Headers: Content-Type, api_key, Authorization
Server: Jetty(9.2.9.v20150224)

{
    "code": 200,
    "type": "unknown",
    "message": "1286828407"
}
HTTP/1.1 200 OK
Date: Sat, 27 Jan 2024 09:54:06 GMT
Content-Type: application/json
Transfer-Encoding: chunked
Connection: keep-alive
Access-Control-Allow-Origin: *
Access-Control-Allow-Methods: GET, POST, DELETE, PUT
Access-Control-Allow-Headers: Content-Type, api_key, Authorization
Server: Jetty(9.2.9.v20150224)

{
    "id": 1286828407,
    "username": "rima.block",
    "firstName": "Smith",
    "lastName": "Steve",
    "email": "c@gmail.com",
    "password": "test@3",
    "phone": "2133344",
    "userStatus": 0
}
]]></system-out>
  </testcase>
  <testcase name="create_user_and_delete_user_test" classname="api.test.UserTests" time="2.711">
    <system-out><![CDATA[api.payloads.user.User@35caab4c
Request method:	POST
Request URI:	https://petstore.swagger.io/v2/user
Proxy:			<none>
Request params:	<none>
Query params:	<none>
Form params:	<none>
Path params:	<none>
Headers:		Accept=application/json, application/javascript, text/javascript, text/json
				Content-Type=application/json
Cookies:		<none>
Multiparts:		<none>
Body:
{
    "id": 2113243119,
    "username": "vicki.adams",
    "firstName": "Danielle",
    "lastName": "Lehner",
    "email": "yan.kemmer@example.com",
    "password": "n0lvur7",
    "phone": "447.131.0742",
    "userStatus": 0
}
io.restassured.internal.RestAssuredResponseImpl@4b13aca4
HTTP/1.1 200 OK
Date: Sat, 27 Jan 2024 09:54:07 GMT
Content-Type: application/json
Transfer-Encoding: chunked
Connection: keep-alive
Access-Control-Allow-Origin: *
Access-Control-Allow-Methods: GET, POST, DELETE, PUT
Access-Control-Allow-Headers: Content-Type, api_key, Authorization
Server: Jetty(9.2.9.v20150224)

{
    "code": 200,
    "type": "unknown",
    "message": "2113243119"
}
vicki.adams
HTTP/1.1 200 OK
Date: Sat, 27 Jan 2024 09:54:08 GMT
Content-Type: application/json
Transfer-Encoding: chunked
Connection: keep-alive
Access-Control-Allow-Origin: *
Access-Control-Allow-Methods: GET, POST, DELETE, PUT
Access-Control-Allow-Headers: Content-Type, api_key, Authorization
Server: Jetty(9.2.9.v20150224)

{
    "code": 200,
    "type": "unknown",
    "message": "vicki.adams"
}
]]></system-out>
  </testcase>
  <testcase name="create_user_and_get_user_test" classname="api.test.UserTests" time="3.743">
    <system-out><![CDATA[api.payloads.user.User@35caab4c
Request method:	POST
Request URI:	https://petstore.swagger.io/v2/user
Proxy:			<none>
Request params:	<none>
Query params:	<none>
Form params:	<none>
Path params:	<none>
Headers:		Accept=application/json, application/javascript, text/javascript, text/json
				Content-Type=application/json
Cookies:		<none>
Multiparts:		<none>
Body:
{
    "id": 2113243119,
    "username": "vicki.adams",
    "firstName": "Danielle",
    "lastName": "Lehner",
    "email": "yan.kemmer@example.com",
    "password": "n0lvur7",
    "phone": "447.131.0742",
    "userStatus": 0
}
io.restassured.internal.RestAssuredResponseImpl@17236e87
HTTP/1.1 200 OK
Date: Sat, 27 Jan 2024 09:54:10 GMT
Content-Type: application/json
Transfer-Encoding: chunked
Connection: keep-alive
Access-Control-Allow-Origin: *
Access-Control-Allow-Methods: GET, POST, DELETE, PUT
Access-Control-Allow-Headers: Content-Type, api_key, Authorization
Server: Jetty(9.2.9.v20150224)

{
    "code": 200,
    "type": "unknown",
    "message": "2113243119"
}
vicki.adams
HTTP/1.1 200 OK
Date: Sat, 27 Jan 2024 09:54:11 GMT
Content-Type: application/json
Transfer-Encoding: chunked
Connection: keep-alive
Access-Control-Allow-Origin: *
Access-Control-Allow-Methods: GET, POST, DELETE, PUT
Access-Control-Allow-Headers: Content-Type, api_key, Authorization
Server: Jetty(9.2.9.v20150224)

{
    "id": 2113243119,
    "username": "vicki.adams",
    "firstName": "Danielle",
    "lastName": "Lehner",
    "email": "yan.kemmer@example.com",
    "password": "n0lvur7",
    "phone": "447.131.0742",
    "userStatus": 0
}
]]></system-out>
  </testcase>
  <testcase name="create_store_test" classname="api.test.CreateStoreTest" time="1.374">
    <system-out><![CDATA[api.payloads.user.CreateStore@707004b6
Request method:	POST
Request URI:	https://petstore.swagger.io/v2/store/order
Proxy:			<none>
Request params:	<none>
Query params:	<none>
Form params:	<none>
Path params:	<none>
Headers:		Accept=application/json, application/javascript, text/javascript, text/json
				Content-Type=application/json
Cookies:		<none>
Multiparts:		<none>
Body:
{
    "id": 2,
    "petId": 416049054,
    "quantity": 2,
    "status": "approved",
    "complete": true
}
io.restassured.internal.RestAssuredResponseImpl@57bbf4e5
HTTP/1.1 200 OK
Date: Sat, 27 Jan 2024 09:54:13 GMT
Content-Type: application/json
Transfer-Encoding: chunked
Connection: keep-alive
Access-Control-Allow-Origin: *
Access-Control-Allow-Methods: GET, POST, DELETE, PUT
Access-Control-Allow-Headers: Content-Type, api_key, Authorization
Server: Jetty(9.2.9.v20150224)

{
    "id": 2,
    "petId": 416049054,
    "quantity": 2,
    "status": "approved",
    "complete": true
}
]]></system-out>
  </testcase>
</testsuite>