<?xml version="1.0" encoding="UTF-8"?>
<testng-results ignored="0" total="6" passed="6" failed="0" skipped="0">
  <reporter-output>
  </reporter-output>
  <suite started-at="2024-01-27T15:23:53 IST" name="RegressionSuite" finished-at="2024-01-27T15:24:14 IST" duration-ms="20951">
    <groups>
    </groups>
    <test started-at="2024-01-27T15:23:53 IST" name="PetStore" finished-at="2024-01-27T15:24:14 IST" duration-ms="20951">
      <class name="api.test.UserDataDrivenTest">
        <test-method signature="create_multiple_user(java.lang.String,java.lang.String,java.lang.String,java.lang.String,java.lang.String)[pri:0, instance:api.test.UserDataDrivenTest@20deea7f]" started-at="2024-01-27T15:23:56 IST" name="create_multiple_user" data-provider="Data" finished-at="2024-01-27T15:24:01 IST" duration-ms="5015" status="PASS">
          <params>
            <param index="0">
              <value>
                <![CDATA[John]]>
              </value>
            </param>
            <param index="1">
              <value>
                <![CDATA[Canedy]]>
              </value>
            </param>
            <param index="2">
              <value>
                <![CDATA[a@gmail.com]]>
              </value>
            </param>
            <param index="3">
              <value>
                <![CDATA[test@1]]>
              </value>
            </param>
            <param index="4">
              <value>
                <![CDATA[2133344]]>
              </value>
            </param>
          </params>
          <reporter-output>
          </reporter-output>
        </test-method> <!-- create_multiple_user -->
        <test-method signature="create_multiple_user(java.lang.String,java.lang.String,java.lang.String,java.lang.String,java.lang.String)[pri:0, instance:api.test.UserDataDrivenTest@20deea7f]" started-at="2024-01-27T15:24:01 IST" name="create_multiple_user" data-provider="Data" finished-at="2024-01-27T15:24:04 IST" duration-ms="2776" status="PASS">
          <params>
            <param index="0">
              <value>
                <![CDATA[Kim]]>
              </value>
            </param>
            <param index="1">
              <value>
                <![CDATA[Kom]]>
              </value>
            </param>
            <param index="2">
              <value>
                <![CDATA[b@gmail.com]]>
              </value>
            </param>
            <param index="3">
              <value>
                <![CDATA[test@2]]>
              </value>
            </param>
            <param index="4">
              <value>
                <![CDATA[2133344]]>
              </value>
            </param>
          </params>
          <reporter-output>
          </reporter-output>
        </test-method> <!-- create_multiple_user -->
        <test-method signature="create_multiple_user(java.lang.String,java.lang.String,java.lang.String,java.lang.String,java.lang.String)[pri:0, instance:api.test.UserDataDrivenTest@20deea7f]" started-at="2024-01-27T15:24:04 IST" name="create_multiple_user" data-provider="Data" finished-at="2024-01-27T15:24:06 IST" duration-ms="2601" status="PASS">
          <params>
            <param index="0">
              <value>
                <![CDATA[Smith]]>
              </value>
            </param>
            <param index="1">
              <value>
                <![CDATA[Steve]]>
              </value>
            </param>
            <param index="2">
              <value>
                <![CDATA[c@gmail.com]]>
              </value>
            </param>
            <param index="3">
              <value>
                <![CDATA[test@3]]>
              </value>
            </param>
            <param index="4">
              <value>
                <![CDATA[2133344]]>
              </value>
            </param>
          </params>
          <reporter-output>
          </reporter-output>
        </test-method> <!-- create_multiple_user -->
      </class> <!-- api.test.UserDataDrivenTest -->
      <class name="api.test.CreateStoreTest">
        <test-method is-config="true" signature="set_up()[pri:0, instance:api.test.CreateStoreTest@359f7cdf]" started-at="2024-01-27T15:23:53 IST" name="set_up" finished-at="2024-01-27T15:23:54 IST" duration-ms="654" status="PASS">
          <reporter-output>
          </reporter-output>
        </test-method> <!-- set_up -->
        <test-method signature="create_store_test()[pri:0, instance:api.test.CreateStoreTest@359f7cdf]" started-at="2024-01-27T15:24:13 IST" name="create_store_test" finished-at="2024-01-27T15:24:14 IST" duration-ms="1371" status="PASS">
          <reporter-output>
          </reporter-output>
        </test-method> <!-- create_store_test -->
      </class> <!-- api.test.CreateStoreTest -->
      <class name="api.test.UserTests">
        <test-method is-config="true" signature="set_up()[pri:0, instance:api.test.UserTests@4f18837a]" started-at="2024-01-27T15:23:54 IST" name="set_up" finished-at="2024-01-27T15:23:54 IST" duration-ms="190" status="PASS">
          <reporter-output>
          </reporter-output>
        </test-method> <!-- set_up -->
        <test-method signature="create_user_and_delete_user_test()[pri:0, instance:api.test.UserTests@4f18837a]" started-at="2024-01-27T15:24:06 IST" name="create_user_and_delete_user_test" finished-at="2024-01-27T15:24:09 IST" duration-ms="2699" status="PASS">
          <reporter-output>
          </reporter-output>
        </test-method> <!-- create_user_and_delete_user_test -->
        <test-method signature="create_user_and_get_user_test()[pri:0, instance:api.test.UserTests@4f18837a]" started-at="2024-01-27T15:24:09 IST" name="create_user_and_get_user_test" finished-at="2024-01-27T15:24:13 IST" duration-ms="3751" status="PASS">
          <reporter-output>
          </reporter-output>
        </test-method> <!-- create_user_and_get_user_test -->
      </class> <!-- api.test.UserTests -->
    </test> <!-- PetStore -->
  </suite> <!-- RegressionSuite -->
</testng-results>
