<?xml version="1.0" encoding="UTF-8"?>
<!-- Generated by org.testng.reporters.JUnitXMLReporter -->
<testsuite ignored="0" hostname="DESKTOP-MQ2OVQS" failures="0" tests="6" name="PetStore" time="20.951" errors="0" timestamp="2024-01-27T15:24:14 IST">
  <testcase classname="api.test.UserDataDrivenTest" name="create_multiple_user" time="5.015"/>
  <testcase classname="api.test.UserDataDrivenTest" name="create_multiple_user" time="2.776"/>
  <testcase classname="api.test.UserDataDrivenTest" name="create_multiple_user" time="2.601"/>
  <testcase classname="api.test.UserTests" name="create_user_and_delete_user_test" time="2.699"/>
  <testcase classname="api.test.UserTests" name="create_user_and_get_user_test" time="3.751"/>
  <testcase classname="api.test.CreateStoreTest" name="create_store_test" time="1.371"/>
</testsuite> <!-- PetStore -->
