<?xml version="1.0" encoding="UTF-8"?>
<!-- Generated by org.testng.reporters.JUnitXMLReporter -->
<testsuite ignored="0" hostname="DESKTOP-MQ2OVQS" failures="0" tests="5" name="UserAPITest" time="20.729" errors="0" timestamp="2024-01-27T15:19:01 IST">
  <testcase classname="api.test.UserDataDrivenTest" name="create_multiple_user" time="6.578"/>
  <testcase classname="api.test.UserDataDrivenTest" name="create_multiple_user" time="2.724"/>
  <testcase classname="api.test.UserDataDrivenTest" name="create_multiple_user" time="2.587"/>
  <testcase classname="api.test.UserTests" name="create_user_and_delete_user_test" time="2.589"/>
  <testcase classname="api.test.UserTests" name="create_user_and_get_user_test" time="3.481"/>
</testsuite> <!-- UserAPITest -->
