<?xml version="1.0" encoding="UTF-8"?>
<testng-results ignored="0" total="2" passed="2" failed="0" skipped="0">
  <reporter-output>
  </reporter-output>
  <suite started-at="2024-01-26T17:24:57 IST" name="Default suite" finished-at="2024-01-26T17:25:07 IST" duration-ms="9532">
    <groups>
    </groups>
    <test started-at="2024-01-26T17:24:57 IST" name="Default test" finished-at="2024-01-26T17:25:07 IST" duration-ms="9532">
      <class name="api.test.UserTests">
        <test-method is-config="true" signature="set_up()[pri:0, instance:api.test.UserTests@708f5957]" started-at="2024-01-26T17:24:57 IST" name="set_up" finished-at="2024-01-26T17:24:58 IST" duration-ms="353" status="PASS">
          <reporter-output>
          </reporter-output>
        </test-method> <!-- set_up -->
        <test-method signature="create_user_and_delete_user_test()[pri:0, instance:api.test.UserTests@708f5957]" started-at="2024-01-26T17:24:58 IST" name="create_user_and_delete_user_test" finished-at="2024-01-26T17:25:03 IST" duration-ms="5283" status="PASS">
          <reporter-output>
          </reporter-output>
        </test-method> <!-- create_user_and_delete_user_test -->
        <test-method signature="create_user_and_get_user_test()[pri:0, instance:api.test.UserTests@708f5957]" started-at="2024-01-26T17:25:03 IST" name="create_user_and_get_user_test" finished-at="2024-01-26T17:25:07 IST" duration-ms="3795" status="PASS">
          <reporter-output>
          </reporter-output>
        </test-method> <!-- create_user_and_get_user_test -->
      </class> <!-- api.test.UserTests -->
    </test> <!-- Default test -->
  </suite> <!-- Default suite -->
</testng-results>
